{"logTime": "1021/234722", "correlationVector":"ThTTH03r3VcNYk06gR658I.1","action":"SyncServerConnectionManagerRequest", "result":"SYNC_SERVER_OK", "context":{"environment":"Prod_centralus_prod-s01-068-nam-centralus", "migrationStage":"NotStarted", "server":"akswtt10400000c"}}
{"logTime": "1021/234722", "correlationVector":"ThTTH03r3VcNYk06gR658I.2","action":"ProcessGetUpdates", "result":"Done", "context":{"dataType":"Encryption Keys", "deleted":"0", "process_failed_to_decrypt":"0", "process_pending_decryption":"0", "process_success":"1", "total":"1"}}
{"logTime": "1021/234722", "correlationVector":"Ci4Ifs0a2hlevItqGJ/lsI","action":"SyncServerConnectionManagerRequest", "result":"SYNC_SERVER_OK", "context":{"environment":"", "migrationStage":"", "server":""}}
{"logTime": "1021/234722", "correlationVector":"Ci4Ifs0a2hlevItqGJ/lsI.0","action":"EncryptionKeysFetcher.DownloadKeys:", "result":"Success", "context":Key count: 10, Last key timestamp: 2025-08-08T22:41:15Z}
{"logTime": "1021/234722", "correlationVector":"Ci4Ifs0a2hlevItqGJ/lsI.1","action":"EncryptionKeysManager::SetEncryptionKeys:", "result":"Success", "context":Key names[10]:[fVQPup3ribsaVpi4AxjTEn1OiKeu+4m2kxgPhCnJLkPL6fEwwa/wHvg6XqCcviO791HKHi/85uY3SyFStkTxcg==][24EWIAYVj9WDlH3yT/j5GEMzzjXRrVZqHLp+t0mPQsKM7Kw1/EjzGi7biw+MxU1uejXFI2v5+7XkonyATTOJyA==][dFTxFDZZlkJlnjHfoduncrty8wvEixRT8c0j5QU977ZslMBJuc0D7yNaVNfp0O7l5E5wFLu7qDsL7Ekz4cXBew==][kDiwU0ewrdjOvuTgIJ8kx2G67U+1wl9iRetWMqa+xAAb9faAWbcYfkByA0dTIUeQzbzhbIXhi2sM2xoMRoGX1Q==][Rp6+uCRyaI2AOC+UJQxa9t6GG8pNgf/MPshi4Jzwvtc5UwNhocdOAyqDykQBoL+/eD9Fgir6dlvpIh/NDOr+Lg==][JW1Hh9UB0LLY1btJGUmjNGK/UNfQOCcJx5CBjh7lCbaFbSHWC9/8srh9g2cwd9Z2mGew3nxet82905WIQP0Y5Q==][6f8WJvs2ppjgmNrexer/fpyGdcVyB9OrIYL5nzCmGAfay+kJ2oZNzFXPao66/B0gX+0a3e3cK6vYSaItmClXoQ==][55H1BwVmgRJmafHjQQrabTi0GQogo0nnsFKitee2uw1kBIwUzA3SOJgIogwgph4DFAjyGlFuJFoTXvN4oDyj2Q==][erdDPcAEYyv5rQ+TdxxosiWsmj0yHvloK2d09D6NyCvgIE2TH2LFfiJIr8emmgj8DAh4tUwAcrGnAGhutcBGzQ==][nwzIk83hPg1GBpPlLjUIoo6XaiSBqVIFzu5hBKxgXdfKBNBJ0A0iQyEPXs0nSyBiC7CgNlD3eYp1f5+ojxB8Rg==]}
{"logTime": "1021/234722", "correlationVector":"Ci4Ifs0a2hlevItqGJ/lsI.2","action":"EncryptionKeysManager::SetEncryptionKeysWithTimestamps:", "result":"Success", "context":Key timestamps[10]:[2021-03-09T07:02:26Z][2021-06-22T08:59:10Z][2021-12-20T00:03:57Z][2022-07-03T19:04:39Z][2023-01-06T05:23:40Z][2023-07-06T21:58:39Z][2024-01-03T03:13:09Z][2024-08-12T18:37:01Z][2025-02-08T21:03:36Z][2025-08-08T22:41:15Z]}
{"logTime": "1021/234722", "correlationVector":"ThTTH03r3VcNYk06gR658I","action":"Initial GetUpdates", "result":"", "context":Reason: NEW_CLIENT. cV=ThTTH03r3VcNYk06gR658I}
{"logTime": "1021/234722", "correlationVector":"ThTTH03r3VcNYk06gR658I.3","action":"GetUpdates Response", "result":"Success", "context":Received 1 update(s). cV=ThTTH03r3VcNYk06gR658I.0;server=akswtt10400000c;cloudType=Consumer;environment=Prod_centralus_prod-s01-068-nam-centralus;migrationStage=NotStarted}
{"logTime": "1021/234722", "correlationVector":"8UFQXR3SeyWkHxgTpD/d+E","action":"Initial GetUpdates", "result":"", "context":Reason: NEWLY_SUPPORTED_DATATYPE. cV=8UFQXR3SeyWkHxgTpD/d+E}
{"logTime": "1021/234723", "correlationVector":"8UFQXR3SeyWkHxgTpD/d+E.1","action":"SyncServerConnectionManagerRequest", "result":"SYNC_SERVER_OK", "context":{"environment":"Prod_centralus_prod-s01-068-nam-centralus", "migrationStage":"NotStarted", "server":"akswtt104000014"}}
{"logTime": "1021/234723", "correlationVector":"8UFQXR3SeyWkHxgTpD/d+E.2","action":"ProcessGetUpdates", "result":"Done", "context":{"dataType":"Preferences", "deleted":"1", "process_failed_to_decrypt":"0", "process_pending_decryption":"0", "process_success":"89", "total":"89"}}
{"logTime": "1021/234723", "correlationVector":"8UFQXR3SeyWkHxgTpD/d+E.3","action":"ProcessGetUpdates", "result":"Done", "context":{"dataType":"Passwords", "deleted":"0", "process_failed_to_decrypt":"0", "process_pending_decryption":"0", "process_success":"91", "total":"91"}}
{"logTime": "1021/234723", "correlationVector":"8UFQXR3SeyWkHxgTpD/d+E.4","action":"ProcessGetUpdates", "result":"Done", "context":{"dataType":"Device Info", "deleted":"0", "process_failed_to_decrypt":"0", "process_pending_decryption":"0", "process_success":"17", "total":"17"}}
{"logTime": "1021/234723", "correlationVector":"8UFQXR3SeyWkHxgTpD/d+E.5","action":"GetUpdates Response", "result":"Success", "context":Received 197 update(s). cV=8UFQXR3SeyWkHxgTpD/d+E.0;server=akswtt104000014;cloudType=Consumer;environment=Prod_centralus_prod-s01-068-nam-centralus;migrationStage=NotStarted}
{"logTime": "1021/234723", "correlationVector":"5q/6tz1CG5ZC91lKTkj41t","action":"Initial GetUpdates", "result":"", "context":Reason: NEWLY_SUPPORTED_DATATYPE. cV=5q/6tz1CG5ZC91lKTkj41t}
{"logTime": "1021/234723", "correlationVector":"5q/6tz1CG5ZC91lKTkj41t.1","action":"SyncServerConnectionManagerRequest", "result":"SYNC_SERVER_OK", "context":{"environment":"Prod_centralus_prod-s01-068-nam-centralus", "migrationStage":"NotStarted", "server":"akswtt10400000l"}}
{"logTime": "1021/234723", "correlationVector":"5q/6tz1CG5ZC91lKTkj41t.2","action":"ProcessGetUpdates", "result":"Done", "context":{"dataType":"Bookmarks", "deleted":"9", "process_failed_to_decrypt":"0", "process_pending_decryption":"0", "process_success":"17", "total":"17"}}
{"logTime": "1021/234723", "correlationVector":"5q/6tz1CG5ZC91lKTkj41t.3","action":"GetUpdates Response", "result":"Success", "context":Received 17 update(s). cV=5q/6tz1CG5ZC91lKTkj41t.0;server=akswtt10400000l;cloudType=Consumer;environment=Prod_centralus_prod-s01-068-nam-centralus;migrationStage=NotStarted}
{"logTime": "1021/234723", "correlationVector":"dVIQuYy/2pWx3lEeFrjXaJ","action":"Initial GetUpdates", "result":"", "context":Reason: NEWLY_SUPPORTED_DATATYPE. cV=dVIQuYy/2pWx3lEeFrjXaJ}
{"logTime": "1021/234723", "correlationVector":"dVIQuYy/2pWx3lEeFrjXaJ.1","action":"SyncServerConnectionManagerRequest", "result":"SYNC_SERVER_OK", "context":{"environment":"Prod_centralus_prod-s01-068-nam-centralus", "migrationStage":"NotStarted", "server":"akswtt10400000r"}}
{"logTime": "1021/234723", "correlationVector":"dVIQuYy/2pWx3lEeFrjXaJ.2","action":"ProcessGetUpdates", "result":"Done", "context":{"dataType":"Autofill Profiles", "deleted":"0", "process_failed_to_decrypt":"0", "process_pending_decryption":"0", "process_success":"3", "total":"3"}}
{"logTime": "1021/234723", "correlationVector":"dVIQuYy/2pWx3lEeFrjXaJ.3","action":"ProcessGetUpdates", "result":"Done", "context":{"dataType":"Autofill", "deleted":"0", "process_failed_to_decrypt":"0", "process_pending_decryption":"0", "process_success":"8", "total":"8"}}
{"logTime": "1021/234723", "correlationVector":"dVIQuYy/2pWx3lEeFrjXaJ.4","action":"ProcessGetUpdates", "result":"Done", "context":{"dataType":"Extensions", "deleted":"0", "process_failed_to_decrypt":"0", "process_pending_decryption":"0", "process_success":"6", "total":"6"}}
{"logTime": "1021/234723", "correlationVector":"dVIQuYy/2pWx3lEeFrjXaJ.5","action":"ProcessGetUpdates", "result":"Done", "context":{"dataType":"Sessions", "deleted":"27", "process_failed_to_decrypt":"0", "process_pending_decryption":"0", "process_success":"39", "total":"39"}}
{"logTime": "1021/234723", "correlationVector":"dVIQuYy/2pWx3lEeFrjXaJ.6","action":"ProcessGetUpdates", "result":"Done", "context":{"dataType":"Collection", "deleted":"0", "process_failed_to_decrypt":"0", "process_pending_decryption":"0", "process_success":"2", "total":"2"}}
{"logTime": "1021/234723", "correlationVector":"dVIQuYy/2pWx3lEeFrjXaJ.7","action":"ProcessGetUpdates", "result":"Done", "context":{"dataType":"Edge Hub App Usage", "deleted":"4", "process_failed_to_decrypt":"0", "process_pending_decryption":"0", "process_success":"12", "total":"12"}}
{"logTime": "1021/234723", "correlationVector":"dVIQuYy/2pWx3lEeFrjXaJ.8","action":"GetUpdates Response", "result":"Success", "context":Received 70 update(s). cV=dVIQuYy/2pWx3lEeFrjXaJ.0;server=akswtt10400000r;cloudType=Consumer;environment=Prod_centralus_prod-s01-068-nam-centralus;migrationStage=NotStarted}
{"logTime": "1021/234723", "correlationVector":"wKSlx7UqidfWbIfnZOfcEj","action":"Initial GetUpdates", "result":"", "context":Reason: NEWLY_SUPPORTED_DATATYPE. cV=wKSlx7UqidfWbIfnZOfcEj}
{"logTime": "1021/234723", "correlationVector":"wKSlx7UqidfWbIfnZOfcEj.1","action":"SyncServerConnectionManagerRequest", "result":"SYNC_SERVER_OK", "context":{"environment":"Prod_centralus_prod-s01-068-nam-centralus", "migrationStage":"NotStarted", "server":"akswtt10400001o"}}
{"logTime": "1021/234723", "correlationVector":"wKSlx7UqidfWbIfnZOfcEj.2","action":"ProcessGetUpdates", "result":"Done", "context":{"dataType":"History", "deleted":"0", "process_failed_to_decrypt":"0", "process_pending_decryption":"0", "process_success":"25", "total":"25"}}
{"logTime": "1021/234723", "correlationVector":"wKSlx7UqidfWbIfnZOfcEj.3","action":"GetUpdates Response", "result":"Success", "context":Received 25 update(s). cV=wKSlx7UqidfWbIfnZOfcEj.0;server=akswtt10400001o;cloudType=Consumer;environment=Prod_centralus_prod-s01-068-nam-centralus;migrationStage=NotStarted}
{"logTime": "1021/234723", "correlationVector":"TBSaiWo7+rTeJncuSUDTTI","action":"Normal GetUpdate request", "result":"", "context":cV=TBSaiWo7+rTeJncuSUDTTI
Nudged types: Preferences, Passwords, Sessions, Device Info, User Consents
Refresh requested types: Bookmarks, Preferences, Passwords, Autofill Profiles, Autofill, Extensions, Sessions, Extension settings, History Delete Directives, Device Info, User Consents, Send Tab To Self, Web Apps, History, Saved Tab Group, WebAuthn Credentials, Collection, Edge E Drop, Edge Hub App Usage, Edge Wallet, Encryption Keys}
{"logTime": "1021/234724", "correlationVector":"TBSaiWo7+rTeJncuSUDTTI.1","action":"SyncServerConnectionManagerRequest", "result":"SYNC_SERVER_OK", "context":{"environment":"Prod_centralus_prod-s01-068-nam-centralus", "migrationStage":"NotStarted", "server":"akswtt104000012"}}
{"logTime": "1021/234724", "correlationVector":"TBSaiWo7+rTeJncuSUDTTI.2","action":"GetUpdates Response", "result":"Success", "context":Received 0 update(s). cV=TBSaiWo7+rTeJncuSUDTTI.0;server=akswtt104000012;cloudType=Consumer;environment=Prod_centralus_prod-s01-068-nam-centralus;migrationStage=NotStarted}
{"logTime": "1021/234724", "correlationVector":"Q0TpEJ5rHf5yga/mXPQWZm","action":"Commit Request", "result":"", "context":Item count: 16
Contributing types: Preferences, Passwords, Sessions, Device Info, User Consents}
{"logTime": "1021/234725", "correlationVector":"Q0TpEJ5rHf5yga/mXPQWZm.1","action":"SyncServerConnectionManagerRequest", "result":"SYNC_SERVER_OK", "context":{"environment":"Prod_centralus_prod-s01-068-nam-centralus", "migrationStage":"NotStarted", "server":"akswtt10400002x"}}
{"logTime": "1021/234725", "correlationVector":"Q0TpEJ5rHf5yga/mXPQWZm.2","action":"Commit Response", "result":"Success", "context":Result: Success. cV=Q0TpEJ5rHf5yga/mXPQWZm.0;server=akswtt10400002x;cloudType=Consumer;environment=Prod_centralus_prod-s01-068-nam-centralus;migrationStage=NotStarted}
{"logTime": "1021/234725", "correlationVector":"gr5EXA/ikxXuu7hJdZi4Gx","action":"Commit Request", "result":"", "context":Item count: 1
Contributing types: Edge Hub App Usage}
{"logTime": "1021/234725", "correlationVector":"gr5EXA/ikxXuu7hJdZi4Gx.1","action":"SyncServerConnectionManagerRequest", "result":"SYNC_SERVER_OK", "context":{"environment":"Prod_centralus_prod-s01-068-nam-centralus", "migrationStage":"NotStarted", "server":"akswtt10400002x"}}
{"logTime": "1021/234725", "correlationVector":"gr5EXA/ikxXuu7hJdZi4Gx.2","action":"Commit Response", "result":"Success", "context":Result: Success. cV=gr5EXA/ikxXuu7hJdZi4Gx.0;server=akswtt10400002x;cloudType=Consumer;environment=Prod_centralus_prod-s01-068-nam-centralus;migrationStage=NotStarted}
{"logTime": "1021/234732", "correlationVector":"X8eMbe44GShX+oORcRuQo8","action":"Commit Request", "result":"", "context":Item count: 3
Contributing types: Sessions, User Consents, History}
{"logTime": "1021/234732", "correlationVector":"X8eMbe44GShX+oORcRuQo8.1","action":"SyncServerConnectionManagerRequest", "result":"SYNC_SERVER_OK", "context":{"environment":"Prod_centralus_prod-s01-068-nam-centralus", "migrationStage":"NotStarted", "server":"akswtt10400000y"}}
{"logTime": "1021/234732", "correlationVector":"X8eMbe44GShX+oORcRuQo8.2","action":"Commit Response", "result":"Success", "context":Result: Success. cV=X8eMbe44GShX+oORcRuQo8.0;server=akswtt10400000y;cloudType=Consumer;environment=Prod_centralus_prod-s01-068-nam-centralus;migrationStage=NotStarted}
{"logTime": "1021/234821", "correlationVector":"lZZFzD3yKPh5h1i1gGNFnt","action":"Commit Request", "result":"", "context":Item count: 15
Contributing types: Passwords, Sessions}
{"logTime": "1021/234821", "correlationVector":"lZZFzD3yKPh5h1i1gGNFnt.1","action":"SyncServerConnectionManagerRequest", "result":"SYNC_SERVER_OK", "context":{"environment":"Prod_centralus_prod-s01-068-nam-centralus", "migrationStage":"NotStarted", "server":"akswtt10400000c"}}
{"logTime": "1021/234821", "correlationVector":"lZZFzD3yKPh5h1i1gGNFnt.2","action":"Commit Response", "result":"Success", "context":Result: Success. cV=lZZFzD3yKPh5h1i1gGNFnt.0;server=akswtt10400000c;cloudType=Consumer;environment=Prod_centralus_prod-s01-068-nam-centralus;migrationStage=NotStarted}
{"logTime": "1030/002907", "correlationVector":"Hc1ezgWZeQDx6B602BtSpt.1","action":"SyncServerConnectionManagerRequest", "result":"SYNC_SERVER_OK", "context":{"environment":"Prod_centralus_prod-s01-068-nam-centralus", "migrationStage":"NotStarted", "server":"akswtt10600000c"}}
{"logTime": "1030/002907", "correlationVector":"Hc1ezgWZeQDx6B602BtSpt.2","action":"ProcessGetUpdates", "result":"Done", "context":{"dataType":"Encryption Keys", "deleted":"0", "process_failed_to_decrypt":"0", "process_pending_decryption":"0", "process_success":"1", "total":"1"}}
{"logTime": "1030/002908", "correlationVector":"RhuzgvAx3y18eWCleXkkLb","action":"SyncServerConnectionManagerRequest", "result":"SYNC_SERVER_OK", "context":{"environment":"", "migrationStage":"", "server":""}}
{"logTime": "1030/002908", "correlationVector":"RhuzgvAx3y18eWCleXkkLb.0","action":"EncryptionKeysFetcher.DownloadKeys:", "result":"Success", "context":Key count: 10, Last key timestamp: 2025-08-08T22:41:15Z}
{"logTime": "1030/002908", "correlationVector":"RhuzgvAx3y18eWCleXkkLb.1","action":"EncryptionKeysManager::SetEncryptionKeys:", "result":"Success", "context":Key names[10]:[fVQPup3ribsaVpi4AxjTEn1OiKeu+4m2kxgPhCnJLkPL6fEwwa/wHvg6XqCcviO791HKHi/85uY3SyFStkTxcg==][24EWIAYVj9WDlH3yT/j5GEMzzjXRrVZqHLp+t0mPQsKM7Kw1/EjzGi7biw+MxU1uejXFI2v5+7XkonyATTOJyA==][dFTxFDZZlkJlnjHfoduncrty8wvEixRT8c0j5QU977ZslMBJuc0D7yNaVNfp0O7l5E5wFLu7qDsL7Ekz4cXBew==][kDiwU0ewrdjOvuTgIJ8kx2G67U+1wl9iRetWMqa+xAAb9faAWbcYfkByA0dTIUeQzbzhbIXhi2sM2xoMRoGX1Q==][Rp6+uCRyaI2AOC+UJQxa9t6GG8pNgf/MPshi4Jzwvtc5UwNhocdOAyqDykQBoL+/eD9Fgir6dlvpIh/NDOr+Lg==][JW1Hh9UB0LLY1btJGUmjNGK/UNfQOCcJx5CBjh7lCbaFbSHWC9/8srh9g2cwd9Z2mGew3nxet82905WIQP0Y5Q==][6f8WJvs2ppjgmNrexer/fpyGdcVyB9OrIYL5nzCmGAfay+kJ2oZNzFXPao66/B0gX+0a3e3cK6vYSaItmClXoQ==][55H1BwVmgRJmafHjQQrabTi0GQogo0nnsFKitee2uw1kBIwUzA3SOJgIogwgph4DFAjyGlFuJFoTXvN4oDyj2Q==][erdDPcAEYyv5rQ+TdxxosiWsmj0yHvloK2d09D6NyCvgIE2TH2LFfiJIr8emmgj8DAh4tUwAcrGnAGhutcBGzQ==][nwzIk83hPg1GBpPlLjUIoo6XaiSBqVIFzu5hBKxgXdfKBNBJ0A0iQyEPXs0nSyBiC7CgNlD3eYp1f5+ojxB8Rg==]}
{"logTime": "1030/002908", "correlationVector":"RhuzgvAx3y18eWCleXkkLb.2","action":"EncryptionKeysManager::SetEncryptionKeysWithTimestamps:", "result":"Success", "context":Key timestamps[10]:[2021-03-09T07:02:26Z][2021-06-22T08:59:10Z][2021-12-20T00:03:57Z][2022-07-03T19:04:39Z][2023-01-06T05:23:40Z][2023-07-06T21:58:39Z][2024-01-03T03:13:09Z][2024-08-12T18:37:01Z][2025-02-08T21:03:36Z][2025-08-08T22:41:15Z]}
{"logTime": "1030/002908", "correlationVector":"Hc1ezgWZeQDx6B602BtSpt","action":"Initial GetUpdates", "result":"", "context":Reason: NEW_CLIENT. cV=Hc1ezgWZeQDx6B602BtSpt}
{"logTime": "1030/002908", "correlationVector":"Hc1ezgWZeQDx6B602BtSpt.3","action":"GetUpdates Response", "result":"Success", "context":Received 1 update(s). cV=Hc1ezgWZeQDx6B602BtSpt.0;server=akswtt10600000c;cloudType=Consumer;environment=Prod_centralus_prod-s01-068-nam-centralus;migrationStage=NotStarted}
{"logTime": "1030/002908", "correlationVector":"zasFf2gFwjopSPi1nfoJ4f","action":"Initial GetUpdates", "result":"", "context":Reason: NEWLY_SUPPORTED_DATATYPE. cV=zasFf2gFwjopSPi1nfoJ4f}
{"logTime": "1030/002908", "correlationVector":"zasFf2gFwjopSPi1nfoJ4f.1","action":"SyncServerConnectionManagerRequest", "result":"SYNC_SERVER_OK", "context":{"environment":"Prod_centralus_prod-s01-068-nam-centralus", "migrationStage":"NotStarted", "server":"akswtt106000025"}}
{"logTime": "1030/002908", "correlationVector":"zasFf2gFwjopSPi1nfoJ4f.2","action":"ProcessGetUpdates", "result":"Done", "context":{"dataType":"Passwords", "deleted":"0", "process_failed_to_decrypt":"0", "process_pending_decryption":"0", "process_success":"91", "total":"91"}}
{"logTime": "1030/002908", "correlationVector":"zasFf2gFwjopSPi1nfoJ4f.3","action":"GetUpdates Response", "result":"Success", "context":Received 91 update(s). cV=zasFf2gFwjopSPi1nfoJ4f.0;server=akswtt106000025;cloudType=Consumer;environment=Prod_centralus_prod-s01-068-nam-centralus;migrationStage=NotStarted}
{"logTime": "1030/002911", "correlationVector":"AMxeN1xT0RlcBJ9J1Ul0VU","action":"Normal GetUpdate request", "result":"", "context":cV=AMxeN1xT0RlcBJ9J1Ul0VU
Nudged types: Sessions, Device Info, History
Refresh requested types: Bookmarks, Preferences, Passwords, Autofill Profiles, Autofill, Extensions, Sessions, Extension settings, History Delete Directives, Device Info, User Consents, Send Tab To Self, Web Apps, History, Saved Tab Group, WebAuthn Credentials, Collection, Edge E Drop, Edge Hub App Usage, Edge Wallet, Encryption Keys}
{"logTime": "1030/002911", "correlationVector":"AMxeN1xT0RlcBJ9J1Ul0VU.1","action":"SyncServerConnectionManagerRequest", "result":"SYNC_SERVER_OK", "context":{"environment":"Prod_centralus_prod-s01-068-nam-centralus", "migrationStage":"NotStarted", "server":"akswtt10600001i"}}
{"logTime": "1030/002911", "correlationVector":"AMxeN1xT0RlcBJ9J1Ul0VU.2","action":"ProcessGetUpdates", "result":"Done", "context":{"dataType":"Preferences", "deleted":"0", "process_failed_to_decrypt":"0", "process_pending_decryption":"0", "process_success":"4", "total":"4"}}
{"logTime": "1030/002911", "correlationVector":"AMxeN1xT0RlcBJ9J1Ul0VU.3","action":"ProcessGetUpdates", "result":"Done", "context":{"dataType":"Extensions", "deleted":"0", "process_failed_to_decrypt":"0", "process_pending_decryption":"0", "process_success":"1", "total":"1"}}
{"logTime": "1030/002911", "correlationVector":"AMxeN1xT0RlcBJ9J1Ul0VU.4","action":"ProcessGetUpdates", "result":"Done", "context":{"dataType":"Sessions", "deleted":"3", "process_failed_to_decrypt":"0", "process_pending_decryption":"0", "process_success":"6", "total":"6"}}
{"logTime": "1030/002911", "correlationVector":"AMxeN1xT0RlcBJ9J1Ul0VU.5","action":"ProcessGetUpdates", "result":"Done", "context":{"dataType":"Device Info", "deleted":"0", "process_failed_to_decrypt":"0", "process_pending_decryption":"0", "process_success":"2", "total":"2"}}
{"logTime": "1030/002911", "correlationVector":"AMxeN1xT0RlcBJ9J1Ul0VU.6","action":"ProcessGetUpdates", "result":"Done", "context":{"dataType":"History", "deleted":"0", "process_failed_to_decrypt":"0", "process_pending_decryption":"0", "process_success":"2", "total":"2"}}
{"logTime": "1030/002911", "correlationVector":"AMxeN1xT0RlcBJ9J1Ul0VU.7","action":"ProcessGetUpdates", "result":"Done", "context":{"dataType":"Edge Hub App Usage", "deleted":"0", "process_failed_to_decrypt":"0", "process_pending_decryption":"0", "process_success":"1", "total":"1"}}
{"logTime": "1030/002911", "correlationVector":"AMxeN1xT0RlcBJ9J1Ul0VU.8","action":"GetUpdates Response", "result":"Success", "context":Received 16 update(s). cV=AMxeN1xT0RlcBJ9J1Ul0VU.0;server=akswtt10600001i;cloudType=Consumer;environment=Prod_centralus_prod-s01-068-nam-centralus;migrationStage=NotStarted}
{"logTime": "1030/002912", "correlationVector":"1gYlO2jhczDCnGmmb7BqXZ","action":"Commit Request", "result":"", "context":Item count: 10
Contributing types: Sessions, Device Info, History}
{"logTime": "1030/002913", "correlationVector":"1gYlO2jhczDCnGmmb7BqXZ.1","action":"SyncServerConnectionManagerRequest", "result":"SYNC_SERVER_OK", "context":{"environment":"Prod_centralus_prod-s01-068-nam-centralus", "migrationStage":"NotStarted", "server":"akswtt10600000x"}}
{"logTime": "1030/002913", "correlationVector":"1gYlO2jhczDCnGmmb7BqXZ.3","action":"Commit.Sessions", "result":"Success", "context":{"id":"5a21d68d-bdc5-4822-a540-7b87ec51be02", "isDeleted":"true", "size":"0", "version":"1760209784002"}}
{"logTime": "1030/002913", "correlationVector":"1gYlO2jhczDCnGmmb7BqXZ.2","action":"Commit Response", "result":"Success", "context":Result: Success. cV=1gYlO2jhczDCnGmmb7BqXZ.0;server=akswtt10600000x;cloudType=Consumer;environment=Prod_centralus_prod-s01-068-nam-centralus;migrationStage=NotStarted}
{"logTime": "1030/002913", "correlationVector":"1gYlO2jhczDCnGmmb7BqXZ.4","action":"Commit.Sessions", "result":"Success", "context":{"id":"496b031d-4340-4be8-8766-ccb251b1e5b0", "isDeleted":"true", "size":"0", "version":"1760479554865"}}
{"logTime": "1030/002913", "correlationVector":"1gYlO2jhczDCnGmmb7BqXZ.5","action":"Commit.Sessions", "result":"Success", "context":{"id":"13c248a6-12a3-46ff-a6ce-e348df1c3e5d", "isDeleted":"true", "size":"0", "version":"1760209727480"}}
{"logTime": "1030/002913", "correlationVector":"1gYlO2jhczDCnGmmb7BqXZ.6","action":"Commit.Sessions", "result":"Success", "context":{"id":"c3c5e370-6fbd-40cc-b03d-5532852e672d", "isDeleted":"true", "size":"0", "version":"1760479619099"}}
{"logTime": "1030/002913", "correlationVector":"w2mBueCIMxAglwiTNgPDJJ","action":"ValidateEncryptionKeys", "result":"No old key", "context":Passwords[91]: Type key is OK}
{"logTime": "1030/002913", "correlationVector":"w2mBueCIMxAglwiTNgPDJJ.0","action":"ValidateEncryptionKeys", "result":"No old key", "context":Autofill Profiles[3]: Type key is OK}
{"logTime": "1030/002913", "correlationVector":"w2mBueCIMxAglwiTNgPDJJ.1","action":"ValidateEncryptionKeys", "result":"No old key", "context":Autofill[7]: Type key is OK}
{"logTime": "1030/002913", "correlationVector":"w2mBueCIMxAglwiTNgPDJJ.2","action":"ValidateEncryptionKeys", "result":"No mitigation", "context":Nigori: [nwzIk83hPg1GBpPlLjUIoo6XaiSBqVIFzu5hBKxgXdfKBNBJ0A0iQyEPXs0nSyBiC7CgNlD3eYp1f5+ojxB8Rg==:1754692880805]}
{"logTime": "1030/002913", "correlationVector":"k7AGYSJKpkT9t0WrIkiuIK","action":"Poll GetUpdate request", "result":"", "context":cV=k7AGYSJKpkT9t0WrIkiuIK}
{"logTime": "1030/002913", "correlationVector":"k7AGYSJKpkT9t0WrIkiuIK.1","action":"SyncServerConnectionManagerRequest", "result":"SYNC_SERVER_OK", "context":{"environment":"Prod_centralus_prod-s01-068-nam-centralus", "migrationStage":"NotStarted", "server":"akswtt10600001r"}}
{"logTime": "1030/002913", "correlationVector":"k7AGYSJKpkT9t0WrIkiuIK.2","action":"ProcessGetUpdates", "result":"Done", "context":{"dataType":"Sessions", "deleted":"4", "process_failed_to_decrypt":"0", "process_pending_decryption":"0", "process_success":"7", "total":"7"}}
{"logTime": "1030/002913", "correlationVector":"k7AGYSJKpkT9t0WrIkiuIK.3","action":"ProcessGetUpdates", "result":"Done", "context":{"dataType":"Device Info", "deleted":"0", "process_failed_to_decrypt":"0", "process_pending_decryption":"0", "process_success":"1", "total":"1"}}
{"logTime": "1030/002913", "correlationVector":"k7AGYSJKpkT9t0WrIkiuIK.4","action":"ProcessGetUpdates", "result":"Done", "context":{"dataType":"History", "deleted":"0", "process_failed_to_decrypt":"0", "process_pending_decryption":"0", "process_success":"2", "total":"2"}}
{"logTime": "1030/002913", "correlationVector":"k7AGYSJKpkT9t0WrIkiuIK.5","action":"GetUpdates Response", "result":"Success", "context":Received 10 update(s). cV=k7AGYSJKpkT9t0WrIkiuIK.0;server=akswtt10600001r;cloudType=Consumer;environment=Prod_centralus_prod-s01-068-nam-centralus;migrationStage=NotStarted}
{"logTime": "1030/002913", "correlationVector":"GzHK+Mx1DKqwiXT8BhxHhL","action":"DoCompareDataConsistency: ", "result":"has local changes and skip compare"}
{"logTime": "1030/002913", "correlationVector":"MJYw8vxzgrxMSRKCRK7pR8","action":"Commit Request", "result":"", "context":Item count: 12
Contributing types: Preferences, Passwords}
{"logTime": "1030/002914", "correlationVector":"MJYw8vxzgrxMSRKCRK7pR8.1","action":"SyncServerConnectionManagerRequest", "result":"SYNC_SERVER_OK", "context":{"environment":"Prod_centralus_prod-s01-068-nam-centralus", "migrationStage":"NotStarted", "server":"akswtt106000007"}}
{"logTime": "1030/002914", "correlationVector":"MJYw8vxzgrxMSRKCRK7pR8.2","action":"Commit Response", "result":"Success", "context":Result: Success. cV=MJYw8vxzgrxMSRKCRK7pR8.0;server=akswtt106000007;cloudType=Consumer;environment=Prod_centralus_prod-s01-068-nam-centralus;migrationStage=NotStarted}
{"logTime": "1030/002933", "correlationVector":"39Y7Gz9KEGXB0XzVwRySQ2","action":"Commit Request", "result":"", "context":Item count: 7
Contributing types: Preferences, Sessions, History}
{"logTime": "1030/002934", "correlationVector":"39Y7Gz9KEGXB0XzVwRySQ2.1","action":"SyncServerConnectionManagerRequest", "result":"SYNC_SERVER_OK", "context":{"environment":"Prod_centralus_prod-s01-068-nam-centralus", "migrationStage":"NotStarted", "server":"akswtt10600001h"}}
{"logTime": "1030/002934", "correlationVector":"39Y7Gz9KEGXB0XzVwRySQ2.3","action":"Commit.Sessions", "result":"Success", "context":{"id":"7d466714-0c52-49ae-bb19-251e02cd0baf", "isDeleted":"true", "size":"0", "version":"1761784152911"}}
{"logTime": "1030/002934", "correlationVector":"39Y7Gz9KEGXB0XzVwRySQ2.2","action":"Commit Response", "result":"Success", "context":Result: Success. cV=39Y7Gz9KEGXB0XzVwRySQ2.0;server=akswtt10600001h;cloudType=Consumer;environment=Prod_centralus_prod-s01-068-nam-centralus;migrationStage=NotStarted}
